<?xml version="1.0" encoding="UTF-8"?>
<!-- Generated by org.testng.reporters.JUnitReportReporter -->
<testsuite hostname="Mukil" name="com.dakinfotech.maventutorialtutor.TutorialsPoint" tests="1" failures="0" timestamp="4 May 2016 18:28:10 GMT" time="20.596" errors="0">
  <testcase name="test1" time="20.596" classname="com.dakinfotech.maventutorialtutor.TutorialsPoint"/>
</testsuite> <!-- com.dakinfotech.maventutorialtutor.TutorialsPoint -->
